<?xml version="1.0" encoding="UTF-8"?>
<!-- Generated by org.testng.reporters.JUnitXMLReporter -->
<testsuite ignored="16" hostname="W10AP-SBABmlQtY" failures="0" tests="1" name="Default test" time="21.518" errors="0" timestamp="2023-06-16T16:44:22 EDT">
  <testcase classname="providerPortalVNSHealthPlans.verifyAllLinks" name="verifyClaimsAndPayments" time="5.229"/>
  <testcase classname="providerPortalVNSHealthPlans.verifyAllLinks" name="VerifyPrivacyPolicy" time="0.0">
    <ignored/>
  </testcase> <!-- VerifyPrivacyPolicy -->
  <testcase classname="providerPortalVNSHealthPlans.verifyAllLinks" name="VerifyResources" time="0.0">
    <ignored/>
  </testcase> <!-- VerifyResources -->
  <testcase classname="providerPortalVNSHealthPlans.verifyAllLinks" name="verifyAppealsDisputes" time="0.0">
    <ignored/>
  </testcase> <!-- verifyAppealsDisputes -->
  <testcase classname="providerPortalVNSHealthPlans.verifyAllLinks" name="verifyFormulatorySearch" time="0.0">
    <ignored/>
  </testcase> <!-- verifyFormulatorySearch -->
  <testcase classname="providerPortalVNSHealthPlans.verifyAllLinks" name="verifyProviderToolkit" time="0.0">
    <ignored/>
  </testcase> <!-- verifyProviderToolkit -->
  <testcase classname="providerPortalVNSHealthPlans.verifyAllLinks" name="verifyAuthorizations" time="0.0">
    <ignored/>
  </testcase> <!-- verifyAuthorizations -->
  <testcase classname="providerPortalVNSHealthPlans.verifyAllLinks" name="VerifyContactUs" time="0.0">
    <ignored/>
  </testcase> <!-- VerifyContactUs -->
  <testcase classname="providerPortalVNSHealthPlans.verifyAllLinks" name="verifyPatientsLink" time="0.0">
    <ignored/>
  </testcase> <!-- verifyPatientsLink -->
  <testcase classname="providerPortalVNSHealthPlans.verifyAllLinks" name="VerifyLogOut" time="0.0">
    <ignored/>
  </testcase> <!-- VerifyLogOut -->
  <testcase classname="providerPortalVNSHealthPlans.verifyAllLinks" name="VerifyTechSupp" time="0.0">
    <ignored/>
  </testcase> <!-- VerifyTechSupp -->
  <testcase classname="providerPortalVNSHealthPlans.verifyAllLinks" name="VerifyTermsOfUse" time="0.0">
    <ignored/>
  </testcase> <!-- VerifyTermsOfUse -->
  <testcase classname="providerPortalVNSHealthPlans.verifyAllLinks" name="verifyElgibilitySearch" time="0.0">
    <ignored/>
  </testcase> <!-- verifyElgibilitySearch -->
  <testcase classname="providerPortalVNSHealthPlans.verifyAllLinks" name="verifyEnrollmentRef" time="0.0">
    <ignored/>
  </testcase> <!-- verifyEnrollmentRef -->
  <testcase classname="providerPortalVNSHealthPlans.verifyAllLinks" name="VerifyCommunicationCenter" time="0.0">
    <ignored/>
  </testcase> <!-- VerifyCommunicationCenter -->
  <testcase classname="providerPortalVNSHealthPlans.verifyAllLinks" name="VerifyMyAccount" time="0.0">
    <ignored/>
  </testcase> <!-- VerifyMyAccount -->
  <testcase classname="providerPortalVNSHealthPlans.verifyAllLinks" name="verifyProviderDirectory" time="0.0">
    <ignored/>
  </testcase> <!-- verifyProviderDirectory -->
</testsuite> <!-- Default test -->
