<?xml version="1.0" encoding="UTF-8"?>
<!-- Generated by org.testng.reporters.JUnitXMLReporter -->
<testsuite ignored="1" hostname="W10AP-SBABmlQtY" failures="0" tests="1" name="Default test" time="28.85" errors="0" timestamp="2023-06-16T09:30:08 EDT">
  <testcase classname="providerPortalVNSHealthPlans.verifyAllLinks" name="testRosters" time="0.427"/>
  <testcase classname="providerPortalVNSHealthPlans.verifyAllLinks" name="testPatientsLink" time="0.0">
    <ignored/>
  </testcase> <!-- testPatientsLink -->
</testsuite> <!-- Default test -->
