<?xml version="1.0" encoding="UTF-8"?>
<!-- Generated by org.testng.reporters.JUnitXMLReporter -->
<testsuite ignored="0" hostname="W10AP-SBABmlQtY" failures="0" tests="17" name="Test" time="6.053" errors="0" timestamp="2023-06-19T15:38:44 EDT">
  <testcase classname="extentReport.BaseTest" name="@BeforeTest setup" time="5.922">
    <failure type="java.lang.NullPointerException" message="Cannot invoke &amp;quot;String.replaceAll(String, String)&amp;quot; because &amp;quot;x&amp;quot; is null">
      <![CDATA[java.lang.NullPointerException: Cannot invoke "String.replaceAll(String, String)" because "x" is null
at com.aventstack.extentreports.ExtentTest.lambda$assignAuthor$1(ExtentTest.java:1041)
at java.base/java.util.Spliterators$ArraySpliterator.forEachRemaining(Spliterators.java:992)
at java.base/java.util.stream.ReferencePipeline$Head.forEach(ReferencePipeline.java:762)
at com.aventstack.extentreports.ExtentTest.assignAuthor(ExtentTest.java:1040)
at extentReport.BaseTest.setup(BaseTest.java:70)
... Removed 24 stack frames]]>
    </failure>
  </testcase> <!-- @BeforeTest setup -->
  <testcase classname="extentReport.BaseTest" name="@AfterMethod checkStatus" time="-1.687203524549E9">
    <skipped/>
  </testcase> <!-- @AfterMethod checkStatus -->
  <testcase classname="extentReport.BaseTest" name="@AfterMethod checkStatus" time="-1.687203524559E9">
    <skipped/>
  </testcase> <!-- @AfterMethod checkStatus -->
  <testcase classname="extentReport.BaseTest" name="@AfterMethod checkStatus" time="-1.687203524565E9">
    <skipped/>
  </testcase> <!-- @AfterMethod checkStatus -->
  <testcase classname="extentReport.BaseTest" name="@AfterMethod checkStatus" time="-1.687203524571E9">
    <skipped/>
  </testcase> <!-- @AfterMethod checkStatus -->
  <testcase classname="extentReport.BaseTest" name="@AfterMethod checkStatus" time="-1.687203524576E9">
    <skipped/>
  </testcase> <!-- @AfterMethod checkStatus -->
  <testcase classname="extentReport.BaseTest" name="@AfterMethod checkStatus" time="-1.687203524581E9">
    <skipped/>
  </testcase> <!-- @AfterMethod checkStatus -->
  <testcase classname="extentReport.BaseTest" name="@AfterMethod checkStatus" time="-1.687203524586E9">
    <skipped/>
  </testcase> <!-- @AfterMethod checkStatus -->
  <testcase classname="extentReport.BaseTest" name="@AfterMethod checkStatus" time="-1.687203524592E9">
    <skipped/>
  </testcase> <!-- @AfterMethod checkStatus -->
  <testcase classname="extentReport.BaseTest" name="@AfterMethod checkStatus" time="-1.687203524596E9">
    <skipped/>
  </testcase> <!-- @AfterMethod checkStatus -->
  <testcase classname="extentReport.BaseTest" name="@AfterMethod checkStatus" time="-1.6872035246E9">
    <skipped/>
  </testcase> <!-- @AfterMethod checkStatus -->
  <testcase classname="extentReport.BaseTest" name="@AfterMethod checkStatus" time="-1.687203524603E9">
    <skipped/>
  </testcase> <!-- @AfterMethod checkStatus -->
  <testcase classname="extentReport.BaseTest" name="@AfterMethod checkStatus" time="-1.687203524607E9">
    <skipped/>
  </testcase> <!-- @AfterMethod checkStatus -->
  <testcase classname="extentReport.BaseTest" name="@AfterMethod checkStatus" time="-1.68720352461E9">
    <skipped/>
  </testcase> <!-- @AfterMethod checkStatus -->
  <testcase classname="extentReport.BaseTest" name="@AfterMethod checkStatus" time="-1.687203524613E9">
    <skipped/>
  </testcase> <!-- @AfterMethod checkStatus -->
  <testcase classname="extentReport.BaseTest" name="@AfterMethod checkStatus" time="-1.687203524616E9">
    <skipped/>
  </testcase> <!-- @AfterMethod checkStatus -->
  <testcase classname="extentReport.BaseTest" name="@AfterMethod checkStatus" time="-1.687203524619E9">
    <skipped/>
  </testcase> <!-- @AfterMethod checkStatus -->
  <testcase classname="extentReport.BaseTest" name="@AfterMethod checkStatus" time="-1.687203524622E9">
    <skipped/>
  </testcase> <!-- @AfterMethod checkStatus -->
  <testcase classname="providerPortalVNSHealthPlans.verifyAllLinks" name="@AfterTest close" time="-1.687203524624E9">
    <skipped/>
  </testcase> <!-- @AfterTest close -->
  <testcase classname="extentReport.BaseTest" name="@AfterTest teardown" time="-1.687203524624E9">
    <skipped/>
  </testcase> <!-- @AfterTest teardown -->
  <testcase classname="providerPortalVNSHealthPlans.verifyAllLinks" name="verifyRosters" time="0.0">
    <skipped/>
  </testcase> <!-- verifyRosters -->
  <testcase classname="providerPortalVNSHealthPlans.verifyAllLinks" name="verifyEligibilitySearch" time="0.0">
    <skipped/>
  </testcase> <!-- verifyEligibilitySearch -->
  <testcase classname="providerPortalVNSHealthPlans.verifyAllLinks" name="verifyEnrollmentRef" time="0.0">
    <skipped/>
  </testcase> <!-- verifyEnrollmentRef -->
  <testcase classname="providerPortalVNSHealthPlans.verifyAllLinks" name="verifyClaimsAndPayments" time="0.0">
    <skipped/>
  </testcase> <!-- verifyClaimsAndPayments -->
  <testcase classname="providerPortalVNSHealthPlans.verifyAllLinks" name="verifyAuthorizations" time="0.0">
    <skipped/>
  </testcase> <!-- verifyAuthorizations -->
  <testcase classname="providerPortalVNSHealthPlans.verifyAllLinks" name="verifyProviderDirectory" time="0.0">
    <skipped/>
  </testcase> <!-- verifyProviderDirectory -->
  <testcase classname="providerPortalVNSHealthPlans.verifyAllLinks" name="verifyFormulatorySearch" time="0.0">
    <skipped/>
  </testcase> <!-- verifyFormulatorySearch -->
  <testcase classname="providerPortalVNSHealthPlans.verifyAllLinks" name="verifyProviderToolkit" time="0.0">
    <skipped/>
  </testcase> <!-- verifyProviderToolkit -->
  <testcase classname="providerPortalVNSHealthPlans.verifyAllLinks" name="verifyAppealsDisputes" time="0.0">
    <skipped/>
  </testcase> <!-- verifyAppealsDisputes -->
  <testcase classname="providerPortalVNSHealthPlans.verifyAllLinks" name="verifyCommunicationCenter" time="0.0">
    <skipped/>
  </testcase> <!-- verifyCommunicationCenter -->
  <testcase classname="providerPortalVNSHealthPlans.verifyAllLinks" name="verifyResources" time="0.0">
    <skipped/>
  </testcase> <!-- verifyResources -->
  <testcase classname="providerPortalVNSHealthPlans.verifyAllLinks" name="verifyMyAccount" time="0.0">
    <skipped/>
  </testcase> <!-- verifyMyAccount -->
  <testcase classname="providerPortalVNSHealthPlans.verifyAllLinks" name="verifyLogOut" time="0.0">
    <skipped/>
  </testcase> <!-- verifyLogOut -->
  <testcase classname="providerPortalVNSHealthPlans.verifyAllLinks" name="verifyTermsOfUse" time="0.0">
    <skipped/>
  </testcase> <!-- verifyTermsOfUse -->
  <testcase classname="providerPortalVNSHealthPlans.verifyAllLinks" name="verifyPrivacyPolicy" time="0.0">
    <skipped/>
  </testcase> <!-- verifyPrivacyPolicy -->
  <testcase classname="providerPortalVNSHealthPlans.verifyAllLinks" name="verifyTechSupp" time="0.0">
    <skipped/>
  </testcase> <!-- verifyTechSupp -->
  <testcase classname="providerPortalVNSHealthPlans.verifyAllLinks" name="verifyContactUs" time="0.0">
    <skipped/>
  </testcase> <!-- verifyContactUs -->
</testsuite> <!-- Test -->
