<?xml version="1.0" encoding="UTF-8"?>
<!-- Generated by org.testng.reporters.JUnitXMLReporter -->
<testsuite ignored="16" hostname="W10AP-SBABmlQtY" failures="0" tests="1" name="Verify Communication Center Link" time="17.111" errors="0" timestamp="2023-06-20T09:28:31 EDT">
  <testcase classname="providerPortalVNSHealthPlans.verifyAllLinks" name="verifyCommunicationCenter" time="5.144"/>
  <testcase classname="providerPortalVNSHealthPlans.verifyAllLinks" name="verifyResources" time="0.0">
    <ignored/>
  </testcase> <!-- verifyResources -->
  <testcase classname="providerPortalVNSHealthPlans.verifyAllLinks" name="verifyLogOut" time="0.0">
    <ignored/>
  </testcase> <!-- verifyLogOut -->
  <testcase classname="providerPortalVNSHealthPlans.verifyAllLinks" name="verifyPrivacyPolicy" time="0.0">
    <ignored/>
  </testcase> <!-- verifyPrivacyPolicy -->
  <testcase classname="providerPortalVNSHealthPlans.verifyAllLinks" name="verifyAppealsDisputes" time="0.0">
    <ignored/>
  </testcase> <!-- verifyAppealsDisputes -->
  <testcase classname="providerPortalVNSHealthPlans.verifyAllLinks" name="verifyEligibilitySearch" time="0.0">
    <ignored/>
  </testcase> <!-- verifyEligibilitySearch -->
  <testcase classname="providerPortalVNSHealthPlans.verifyAllLinks" name="verifyFormulatorySearch" time="0.0">
    <ignored/>
  </testcase> <!-- verifyFormulatorySearch -->
  <testcase classname="providerPortalVNSHealthPlans.verifyAllLinks" name="verifyRosters" time="0.0">
    <ignored/>
  </testcase> <!-- verifyRosters -->
  <testcase classname="providerPortalVNSHealthPlans.verifyAllLinks" name="verifyTechSupp" time="0.0">
    <ignored/>
  </testcase> <!-- verifyTechSupp -->
  <testcase classname="providerPortalVNSHealthPlans.verifyAllLinks" name="verifyProviderToolkit" time="0.0">
    <ignored/>
  </testcase> <!-- verifyProviderToolkit -->
  <testcase classname="providerPortalVNSHealthPlans.verifyAllLinks" name="verifyAuthorizations" time="0.0">
    <ignored/>
  </testcase> <!-- verifyAuthorizations -->
  <testcase classname="providerPortalVNSHealthPlans.verifyAllLinks" name="verifyMyAccount" time="0.0">
    <ignored/>
  </testcase> <!-- verifyMyAccount -->
  <testcase classname="providerPortalVNSHealthPlans.verifyAllLinks" name="verifyClaimsAndPayments" time="0.0">
    <ignored/>
  </testcase> <!-- verifyClaimsAndPayments -->
  <testcase classname="providerPortalVNSHealthPlans.verifyAllLinks" name="verifyEnrollmentRef" time="0.0">
    <ignored/>
  </testcase> <!-- verifyEnrollmentRef -->
  <testcase classname="providerPortalVNSHealthPlans.verifyAllLinks" name="verifyContactUs" time="0.0">
    <ignored/>
  </testcase> <!-- verifyContactUs -->
  <testcase classname="providerPortalVNSHealthPlans.verifyAllLinks" name="verifyTermsOfUse" time="0.0">
    <ignored/>
  </testcase> <!-- verifyTermsOfUse -->
  <testcase classname="providerPortalVNSHealthPlans.verifyAllLinks" name="verifyProviderDirectory" time="0.0">
    <ignored/>
  </testcase> <!-- verifyProviderDirectory -->
</testsuite> <!-- Verify Communication Center Link -->
