<?xml version="1.0" encoding="UTF-8"?>
<testng-results ignored="16" total="17" passed="1" failed="0" skipped="0">
  <reporter-output>
  </reporter-output>
  <suite started-at="2023-06-16T16:44:00 EDT" name="Default suite" finished-at="2023-06-16T16:44:22 EDT" duration-ms="21518">
    <groups>
    </groups>
    <test started-at="2023-06-16T16:44:00 EDT" name="Default test" finished-at="2023-06-16T16:44:22 EDT" duration-ms="21518">
      <class name="providerPortalVNSHealthPlans.verifyAllLinks">
        <test-method is-config="true" signature="login()[pri:0, instance:providerPortalVNSHealthPlans.verifyAllLinks@28f2a10f]" started-at="2023-06-16T16:44:00 EDT" name="login" finished-at="2023-06-16T16:44:16 EDT" duration-ms="16024" status="PASS">
          <reporter-output>
          </reporter-output>
        </test-method> <!-- login -->
        <test-method signature="verifyClaimsAndPayments()[pri:4, instance:providerPortalVNSHealthPlans.verifyAllLinks@28f2a10f]" started-at="2023-06-16T16:44:16 EDT" name="verifyClaimsAndPayments" finished-at="2023-06-16T16:44:21 EDT" duration-ms="5229" status="PASS">
          <reporter-output>
          </reporter-output>
        </test-method> <!-- verifyClaimsAndPayments -->
        <test-method is-config="true" signature="close()[pri:0, instance:providerPortalVNSHealthPlans.verifyAllLinks@28f2a10f]" started-at="2023-06-16T16:44:21 EDT" name="close" finished-at="2023-06-16T16:44:22 EDT" duration-ms="225" status="PASS">
          <reporter-output>
          </reporter-output>
        </test-method> <!-- close -->
      </class> <!-- providerPortalVNSHealthPlans.verifyAllLinks -->
    </test> <!-- Default test -->
  </suite> <!-- Default suite -->
</testng-results>
